<?xml version="1.0" encoding="UTF-8"?><testsuite xsi:noNamespaceSchemaLocation="https://raw.githubusercontent.com/jenkinsci/xunit-plugin/ae25da5089d4f94ac6c4669bf736e4d416cc4665/src/main/resources/org/jenkinsci/plugins/xunit/types/model/xsd/junit-10.xsd" xmlns:xsi="http://www.w3.org/2001/XMLSchema-instance" name="omni" tests="4" failures="3" errors="0" time="6.503" skipped="0" timestamp="2025-10-31T08:13:45"><testcase name="example0_test_counter_state_is_the_same_after_going_to_home_and_switching_apps" time="0.433" classname="RunnerUITests.RunnerUITests"><failure><![CDATA[Test didn't complete. Either the test results are missing due to timeout or testing runtime crashed]]></failure></testcase><testcase name="example2_test_counter_state_is_the_same_after_going_to_home_and_switching_apps" time="0.428" classname="RunnerUITests.RunnerUITests"><failure><![CDATA[Test didn't complete. Either the test results are missing due to timeout or testing runtime crashed]]></failure></testcase><testcase name="example1_test_counter_state_is_the_same_after_going_to_home_and_switching_apps" time="0.405" classname="RunnerUITests.RunnerUITests"><failure><![CDATA[Test didn't complete. Either the test results are missing due to timeout or testing runtime crashed]]></failure></testcase><testcase name="example_test_counter_state_is_the_same_after_going_to_home_and_switching_apps" time="5.237" classname="RunnerUITests.RunnerUITests"></testcase></testsuite>